<?xml version="1.0" encoding="UTF-8"?>
<!-- Generated by org.testng.reporters.JUnitReportReporter -->
<testsuite hostname="CISM587" failures="0" tests="1" name="com.esignlyNew.testcases.UserProfileTest" time="59.321" errors="0" timestamp="2022-05-19T13:14:52 IST" skipped="0">
  <testcase classname="com.esignlyNew.testcases.UserProfileTest" name="tc_mp_014_Address" time="59.321"/>
  <system-out/>
</testsuite> <!-- com.esignlyNew.testcases.UserProfileTest -->
