<?xml version="1.0" encoding="UTF-8"?>
<!-- Generated by org.testng.reporters.JUnitReportReporter -->
<testsuite hostname="CISM587" failures="0" tests="1" name="com.esignlyNew.testcases.PricingTest" time="28.725" errors="0" timestamp="2022-05-18T15:23:59 IST" skipped="0">
  <testcase classname="com.esignlyNew.testcases.PricingTest" name="tc_apipricing_033_verify_ApiPricing_StartNowBtn_SamePlan" time="28.725"/>
  <system-out/>
</testsuite> <!-- com.esignlyNew.testcases.PricingTest -->
