<?xml version="1.0" encoding="UTF-8"?>
<!-- Generated by org.testng.reporters.JUnitReportReporter -->
<testsuite hostname="CISM587" failures="0" tests="2" name="com.esignlyNew.testcases.HelpTest" time="30.218" errors="0" timestamp="2022-05-12T11:44:16 IST" skipped="0">
  <testcase classname="com.esignlyNew.testcases.HelpTest" name="tc_hlp_001_verifyHelpContent" time="15.183"/>
  <system-out/>
  <testcase classname="com.esignlyNew.testcases.HelpTest" name="tc_hlp_002_checkCloseButton_Functionality" time="15.035"/>
  <system-out/>
</testsuite> <!-- com.esignlyNew.testcases.HelpTest -->
