<?xml version="1.0" encoding="UTF-8"?>
<!-- Generated by org.testng.reporters.JUnitReportReporter -->
<testsuite hostname="CISM587" failures="0" tests="1" name="com.esignlyNew.testcases.LoginPageTest" time="11.195" errors="0" timestamp="2022-04-28T17:01:45 IST" skipped="0">
  <testcase classname="com.esignlyNew.testcases.LoginPageTest" name="validUserWithOnlyEmail" time="11.195"/>
  <system-out/>
</testsuite> <!-- com.esignlyNew.testcases.LoginPageTest -->
