<?xml version="1.0" encoding="UTF-8"?>
<!-- Generated by org.testng.reporters.JUnitReportReporter -->
<testsuite hostname="CISM587" failures="0" tests="1" name="com.esignlyNew.testcases.DashboardTest" time="22.182" errors="0" timestamp="2022-05-26T16:39:39 IST" skipped="0">
  <testcase classname="com.esignlyNew.testcases.DashboardTest" name="tc_dash_002_verify_User_Name" time="22.182"/>
  <system-out/>
</testsuite> <!-- com.esignlyNew.testcases.DashboardTest -->
