<?xml version="1.0" encoding="UTF-8"?>
<!-- Generated by org.testng.reporters.JUnitReportReporter -->
<testsuite hostname="CISM587" failures="0" tests="8" name="com.esignlyNew.testcases.SignUpTest" time="77.694" errors="1" timestamp="2022-05-12T11:44:16 IST" skipped="0">
  <testcase classname="com.esignlyNew.testcases.SignUpTest" name="tc_signup_001_verify_signup_Via_Email" time="5.133">
    <error message="null value in entry: url=null" type="java.lang.NullPointerException">
      <![CDATA[java.lang.NullPointerException: null value in entry: url=null
at com.google.common.collect.CollectPreconditions.checkEntryNotNull(CollectPreconditions.java:32)
at com.google.common.collect.SingletonImmutableBiMap.<init>(SingletonImmutableBiMap.java:42)
at com.google.common.collect.ImmutableBiMap.of(ImmutableBiMap.java:72)
at com.google.common.collect.ImmutableMap.of(ImmutableMap.java:124)
at org.openqa.selenium.remote.RemoteWebDriver.get(RemoteWebDriver.java:276)
at com.esignlyNew.testcases.SignUpTest.tc_signup_001_verify_signup_Via_Email(SignUpTest.java:23)
at java.base/jdk.internal.reflect.NativeMethodAccessorImpl.invoke0(Native Method)
at java.base/jdk.internal.reflect.NativeMethodAccessorImpl.invoke(NativeMethodAccessorImpl.java:77)
at java.base/jdk.internal.reflect.DelegatingMethodAccessorImpl.invoke(DelegatingMethodAccessorImpl.java:43)
at java.base/java.lang.reflect.Method.invoke(Method.java:568)
at org.testng.internal.MethodInvocationHelper.invokeMethod(MethodInvocationHelper.java:133)
at org.testng.internal.TestInvoker.invokeMethod(TestInvoker.java:598)
at org.testng.internal.TestInvoker.invokeTestMethod(TestInvoker.java:173)
at org.testng.internal.MethodRunner.runInSequence(MethodRunner.java:46)
at org.testng.internal.TestInvoker$MethodInvocationAgent.invoke(TestInvoker.java:824)
at org.testng.internal.TestInvoker.invokeTestMethods(TestInvoker.java:146)
at org.testng.internal.TestMethodWorker.invokeTestMethods(TestMethodWorker.java:146)
at org.testng.internal.TestMethodWorker.run(TestMethodWorker.java:128)
at java.base/java.util.ArrayList.forEach(ArrayList.java:1511)
at org.testng.TestRunner.privateRun(TestRunner.java:794)
at org.testng.TestRunner.run(TestRunner.java:596)
at org.testng.SuiteRunner.runTest(SuiteRunner.java:377)
at org.testng.SuiteRunner.runSequentially(SuiteRunner.java:371)
at org.testng.SuiteRunner.privateRun(SuiteRunner.java:332)
at org.testng.SuiteRunner.run(SuiteRunner.java:276)
at org.testng.SuiteRunnerWorker.runSuite(SuiteRunnerWorker.java:53)
at org.testng.SuiteRunnerWorker.run(SuiteRunnerWorker.java:96)
at org.testng.TestNG.runSuitesSequentially(TestNG.java:1212)
at org.testng.TestNG.runSuitesLocally(TestNG.java:1134)
at org.testng.TestNG.runSuites(TestNG.java:1063)
at org.testng.TestNG.run(TestNG.java:1031)
at org.testng.remote.AbstractRemoteTestNG.run(AbstractRemoteTestNG.java:115)
at org.testng.remote.RemoteTestNG.initAndRun(RemoteTestNG.java:251)
at org.testng.remote.RemoteTestNG.main(RemoteTestNG.java:77)
]]>
    </error>
  </testcase> <!-- tc_signup_001_verify_signup_Via_Email -->
  <system-out/>
  <testcase classname="com.esignlyNew.testcases.SignUpTest" name="tc_signup_002_checkOn_OkSendMeOffersAndTrainingEmails" time="5.924"/>
  <system-out/>
  <testcase classname="com.esignlyNew.testcases.SignUpTest" name="tc_signup_003_verify_SigninNowBtn" time="4.924"/>
  <system-out/>
  <testcase classname="com.esignlyNew.testcases.SignUpTest" name="tc_signup_004_check_TermsAndConditions" time="7.323"/>
  <system-out/>
  <testcase classname="com.esignlyNew.testcases.SignUpTest" name="tc_signup_005_check_PrivacyPolicy" time="7.993"/>
  <system-out/>
  <testcase classname="com.esignlyNew.testcases.SignUpTest" name="tc_signup_006_check_SocialLinks_LinkedIn" time="29.617"/>
  <system-out/>
  <testcase classname="com.esignlyNew.testcases.SignUpTest" name="tc_signup_007_check_SocialLinks_Google" time="9.220"/>
  <system-out/>
  <testcase classname="com.esignlyNew.testcases.SignUpTest" name="tc_signup_008_verifySignupPageUI" time="7.560"/>
  <system-out/>
</testsuite> <!-- com.esignlyNew.testcases.SignUpTest -->
