<?xml version="1.0" encoding="UTF-8"?>
<!-- Generated by org.testng.reporters.JUnitReportReporter -->
<testsuite hostname="CISM587" failures="0" tests="1" name="com.md.testcases.LoginPageTest" time="18.722" errors="0" timestamp="2022-04-28T16:02:06 IST" skipped="0">
  <testcase classname="com.md.testcases.LoginPageTest" name="Hi" time="18.722"/>
  <system-out/>
</testsuite> <!-- com.md.testcases.LoginPageTest -->
