<?xml version="1.0" encoding="UTF-8"?>
<!-- Generated by org.testng.reporters.JUnitReportReporter -->
<testsuite hostname="CISM587" failures="0" tests="1" name="com.esignlyNew.testcases.BulkSigningTest" time="35.596" errors="0" timestamp="2022-05-26T16:36:19 IST" skipped="0">
  <testcase classname="com.esignlyNew.testcases.BulkSigningTest" name="tc_bsign_001_verify_BulkSigning_Url" time="35.596"/>
  <system-out/>
</testsuite> <!-- com.esignlyNew.testcases.BulkSigningTest -->
