<?xml version="1.0" encoding="UTF-8"?>
<!-- Generated by org.testng.reporters.JUnitReportReporter -->
<testsuite hostname="CISM587" failures="0" tests="1" name="com.esignlyNew.testcases.BulkSigningTest" time="53.161" errors="0" timestamp="2022-05-19T11:08:25 IST" skipped="0">
  <testcase classname="com.esignlyNew.testcases.BulkSigningTest" name="tc_bsign_005_verify_CreateBS_Description" time="53.161"/>
  <system-out/>
</testsuite> <!-- com.esignlyNew.testcases.BulkSigningTest -->
