<?xml version="1.0" encoding="UTF-8"?>
<!-- Generated by org.testng.reporters.JUnitReportReporter -->
<testsuite hostname="CISM587" failures="0" tests="1" name="com.esignlyNew.testcases.DashboardTest" time="26.613" errors="0" timestamp="2022-05-18T18:03:57 IST" skipped="0">
  <testcase classname="com.esignlyNew.testcases.DashboardTest" name="tc_dash_010_click_On_Bulk_Signing" time="26.613"/>
  <system-out/>
</testsuite> <!-- com.esignlyNew.testcases.DashboardTest -->
